2020-12-28 15:22:33.314  INFO 1416 --- [main] com.huchx.logging.LoggingApp             : Starting LoggingApp on DESKTOP-9MH51HF with PID 1416 (E:\custom_project\springboot\spring-boot-parent\spring-boot-logging\target\classes started by admin in E:\custom_project\springboot\spring-boot-parent)
2020-12-28 15:22:33.334  INFO 1416 --- [main] com.huchx.logging.LoggingApp             : No active profile set, falling back to default profiles: default
2020-12-28 15:23:08.723  INFO 1416 --- [main] o.s.b.w.embedded.tomcat.TomcatWebServer  : Tomcat initialized with port(s): 8080 (http)
2020-12-28 15:23:09.118  INFO 1416 --- [main] o.apache.catalina.core.StandardService   : Starting service [Tomcat]
2020-12-28 15:23:09.123  INFO 1416 --- [main] org.apache.catalina.core.StandardEngine  : Starting Servlet engine: [Apache Tomcat/9.0.27]
2020-12-28 15:23:09.248  INFO 1416 --- [main] o.a.catalina.core.AprLifecycleListener   : An older version [1.2.21] of the APR based Apache Tomcat Native library is installed, while Tomcat recommends a minimum version of [1.2.23]
2020-12-28 15:23:09.258  INFO 1416 --- [main] o.a.catalina.core.AprLifecycleListener   : Loaded APR based Apache Tomcat Native library [1.2.21] using APR version [1.6.5].
2020-12-28 15:23:09.268  INFO 1416 --- [main] o.a.catalina.core.AprLifecycleListener   : APR capabilities: IPv6 [true], sendfile [true], accept filters [false], random [true].
2020-12-28 15:23:09.268  INFO 1416 --- [main] o.a.catalina.core.AprLifecycleListener   : APR/OpenSSL configuration: useAprConnector [false], useOpenSSL [true]
2020-12-28 15:23:09.314  INFO 1416 --- [main] o.a.catalina.core.AprLifecycleListener   : OpenSSL successfully initialized [OpenSSL 1.1.1a  20 Nov 2018]
2020-12-28 15:23:10.680  INFO 1416 --- [main] o.a.c.c.C.[Tomcat].[localhost].[/]       : Initializing Spring embedded WebApplicationContext
2020-12-28 15:23:10.685  INFO 1416 --- [main] o.s.web.context.ContextLoader            : Root WebApplicationContext: initialization completed in 36297 ms
2020-12-28 15:23:15.633  INFO 1416 --- [main] o.s.s.concurrent.ThreadPoolTaskExecutor  : Initializing ExecutorService 'applicationTaskExecutor'
2020-12-28 15:23:21.821  INFO 1416 --- [main] o.s.b.w.embedded.tomcat.TomcatWebServer  : Tomcat started on port(s): 8080 (http) with context path ''
2020-12-28 15:23:21.862  INFO 1416 --- [main] com.huchx.logging.LoggingApp             : Started LoggingApp in 57.31 seconds (JVM running for 65.261)
2020-12-28 15:25:33.164  INFO 1416 --- [Thread-3] o.s.s.concurrent.ThreadPoolTaskExecutor  : Shutting down ExecutorService 'applicationTaskExecutor'
2020-12-28 15:26:29.675  INFO 1644 --- [main] com.huchx.logging.LoggingApp             : Starting LoggingApp on DESKTOP-9MH51HF with PID 1644 (E:\custom_project\springboot\spring-boot-parent\spring-boot-logging\target\classes started by admin in E:\custom_project\springboot\spring-boot-parent)
2020-12-28 15:26:29.809  INFO 1644 --- [main] com.huchx.logging.LoggingApp             : No active profile set, falling back to default profiles: default
2020-12-28 15:27:02.956  INFO 1644 --- [main] o.s.b.w.embedded.tomcat.TomcatWebServer  : Tomcat initialized with port(s): 8080 (http)
2020-12-28 15:27:03.396  INFO 1644 --- [main] o.apache.catalina.core.StandardService   : Starting service [Tomcat]
2020-12-28 15:27:03.401  INFO 1644 --- [main] org.apache.catalina.core.StandardEngine  : Starting Servlet engine: [Apache Tomcat/9.0.27]
2020-12-28 15:27:03.505  INFO 1644 --- [main] o.a.catalina.core.AprLifecycleListener   : An older version [1.2.21] of the APR based Apache Tomcat Native library is installed, while Tomcat recommends a minimum version of [1.2.23]
2020-12-28 15:27:03.511  INFO 1644 --- [main] o.a.catalina.core.AprLifecycleListener   : Loaded APR based Apache Tomcat Native library [1.2.21] using APR version [1.6.5].
2020-12-28 15:27:03.515  INFO 1644 --- [main] o.a.catalina.core.AprLifecycleListener   : APR capabilities: IPv6 [true], sendfile [true], accept filters [false], random [true].
2020-12-28 15:27:03.519  INFO 1644 --- [main] o.a.catalina.core.AprLifecycleListener   : APR/OpenSSL configuration: useAprConnector [false], useOpenSSL [true]
2020-12-28 15:27:03.554  INFO 1644 --- [main] o.a.catalina.core.AprLifecycleListener   : OpenSSL successfully initialized [OpenSSL 1.1.1a  20 Nov 2018]
2020-12-28 15:27:05.504  INFO 1644 --- [main] o.a.c.c.C.[Tomcat].[localhost].[/]       : Initializing Spring embedded WebApplicationContext
2020-12-28 15:27:05.508 DEBUG 1644 --- [main] o.s.web.context.ContextLoader            : Published root WebApplicationContext as ServletContext attribute with name [org.springframework.web.context.WebApplicationContext.ROOT]
2020-12-28 15:27:05.515  INFO 1644 --- [main] o.s.web.context.ContextLoader            : Root WebApplicationContext: initialization completed in 34176 ms
2020-12-28 15:27:07.341 DEBUG 1644 --- [main] o.s.w.s.handler.SimpleUrlHandlerMapping  : Patterns [/**/favicon.ico] in 'faviconHandlerMapping'
2020-12-28 15:27:08.591  INFO 1644 --- [main] o.s.s.concurrent.ThreadPoolTaskExecutor  : Initializing ExecutorService 'applicationTaskExecutor'
2020-12-28 15:27:08.819 DEBUG 1644 --- [main] s.w.s.m.m.a.RequestMappingHandlerAdapter : ControllerAdvice beans: 0 @ModelAttribute, 0 @InitBinder, 1 RequestBodyAdvice, 1 ResponseBodyAdvice
2020-12-28 15:27:09.812 DEBUG 1644 --- [main] s.w.s.m.m.a.RequestMappingHandlerMapping : 2 mappings in 'requestMappingHandlerMapping'
2020-12-28 15:27:10.032 DEBUG 1644 --- [main] o.s.w.s.handler.SimpleUrlHandlerMapping  : Patterns [/webjars/**, /**] in 'resourceHandlerMapping'
2020-12-28 15:27:10.136 DEBUG 1644 --- [main] .m.m.a.ExceptionHandlerExceptionResolver : ControllerAdvice beans: 0 @ExceptionHandler, 1 ResponseBodyAdvice
2020-12-28 15:27:13.302  INFO 1644 --- [main] o.s.b.w.embedded.tomcat.TomcatWebServer  : Tomcat started on port(s): 8080 (http) with context path ''
2020-12-28 15:27:13.382  INFO 1644 --- [main] com.huchx.logging.LoggingApp             : Started LoggingApp in 54.127 seconds (JVM running for 73.485)
